Express server started on port 9002
Express server started on port 9002
Express server started on port 9002
Express server started on port 9002
{ email: 'sagar.75@hotmail.com',
  RegKey: 'APA91bG1C42m4U6BWIQ1c_dO0fc7OA6MBQ5aR455BygTfAcc5gcjWkBIxgY-MyfUHqDFTtNq4LsPJPJkcW0X5mElckurBFvwKmIfkzL6cVs1Z7ZW0RUzoyHpj8vdSKlFhEYYWfO7I3gRn4kEBRYPyHqUa0m07iCk6Q' }
sagar.75@hotmail.com
{ cas: { '0': 3482977280, '1': 666499835 } }
{ email: 'sagar.75@hotmail.com',
  RegKey: 'APA91bG1C42m4U6BWIQ1c_dO0fc7OA6MBQ5aR455BygTfAcc5gcjWkBIxgY-MyfUHqDFTtNq4LsPJPJkcW0X5mElckurBFvwKmIfkzL6cVs1Z7ZW0RUzoyHpj8vdSKlFhEYYWfO7I3gRn4kEBRYPyHqUa0m07iCk6Q' }
sagar.75@hotmail.com
{ cas: { '0': 1134232576, '1': 988526556 } }
{ email: 'sagar.75@hotmail.com',
  RegKey: 'APA91bG1C42m4U6BWIQ1c_dO0fc7OA6MBQ5aR455BygTfAcc5gcjWkBIxgY-MyfUHqDFTtNq4LsPJPJkcW0X5mElckurBFvwKmIfkzL6cVs1Z7ZW0RUzoyHpj8vdSKlFhEYYWfO7I3gRn4kEBRYPyHqUa0m07iCk6Q' }
sagar.75@hotmail.com
{ cas: { '0': 111281152, '1': 4117911561 } }
{ email: 'sagar.75@hotmail.com',
  RegKey: 'APA91bG1C42m4U6BWIQ1c_dO0fc7OA6MBQ5aR455BygTfAcc5gcjWkBIxgY-MyfUHqDFTtNq4LsPJPJkcW0X5mElckurBFvwKmIfkzL6cVs1Z7ZW0RUzoyHpj8vdSKlFhEYYWfO7I3gRn4kEBRYPyHqUa0m07iCk6Q' }
sagar.75@hotmail.com
{ cas: { '0': 1805779968, '1': 1233704981 } }
{ email: 'sagar.75@hotmail.com',
  RegKey: 'APA91bG1C42m4U6BWIQ1c_dO0fc7OA6MBQ5aR455BygTfAcc5gcjWkBIxgY-MyfUHqDFTtNq4LsPJPJkcW0X5mElckurBFvwKmIfkzL6cVs1Z7ZW0RUzoyHpj8vdSKlFhEYYWfO7I3gRn4kEBRYPyHqUa0m07iCk6Q' }
sagar.75@hotmail.com
{ cas: { '0': 27460608, '1': 1856959017 } }
{ email: 'sagar.75@hotmail.com',
  RegKey: 'APA91bG1C42m4U6BWIQ1c_dO0fc7OA6MBQ5aR455BygTfAcc5gcjWkBIxgY-MyfUHqDFTtNq4LsPJPJkcW0X5mElckurBFvwKmIfkzL6cVs1Z7ZW0RUzoyHpj8vdSKlFhEYYWfO7I3gRn4kEBRYPyHqUa0m07iCk6Q' }
sagar.75@hotmail.com
{ cas: { '0': 530777088, '1': 842442649 } }
{ email: 'sagar.75@hotmail.com',
  RegKey: 'APA91bG1C42m4U6BWIQ1c_dO0fc7OA6MBQ5aR455BygTfAcc5gcjWkBIxgY-MyfUHqDFTtNq4LsPJPJkcW0X5mElckurBFvwKmIfkzL6cVs1Z7ZW0RUzoyHpj8vdSKlFhEYYWfO7I3gRn4kEBRYPyHqUa0m07iCk6Q' }
sagar.75@hotmail.com
{ cas: { '0': 2342716416, '1': 2078089674 } }
{ email: 'sagar.75@hotmail.com',
  RegKey: 'APA91bG1C42m4U6BWIQ1c_dO0fc7OA6MBQ5aR455BygTfAcc5gcjWkBIxgY-MyfUHqDFTtNq4LsPJPJkcW0X5mElckurBFvwKmIfkzL6cVs1Z7ZW0RUzoyHpj8vdSKlFhEYYWfO7I3gRn4kEBRYPyHqUa0m07iCk6Q' }
sagar.75@hotmail.com
{ cas: { '0': 967050240, '1': 588762469 } }
{ email: 'sagar.75@hotmail.com',
  RegKey: 'APA91bG1C42m4U6BWIQ1c_dO0fc7OA6MBQ5aR455BygTfAcc5gcjWkBIxgY-MyfUHqDFTtNq4LsPJPJkcW0X5mElckurBFvwKmIfkzL6cVs1Z7ZW0RUzoyHpj8vdSKlFhEYYWfO7I3gRn4kEBRYPyHqUa0m07iCk6Q' }
sagar.75@hotmail.com
{ cas: { '0': 4037280768, '1': 3354987050 } }
{ email: 'maheshgrt007@gmail.com',
  RegKey: 'APA91bG1C42m4U6BWIQ1c_dO0fc7OA6MBQ5aR455BygTfAcc5gcjWkBIxgY-MyfUHqDFTtNq4LsPJPJkcW0X5mElckurBFvwKmIfkzL6cVs1Z7ZW0RUzoyHpj8vdSKlFhEYYWfO7I3gRn4kEBRYPyHqUa0m07iCk6Q' }
maheshgrt007@gmail.com
{ cas: { '0': 2644968448, '1': 1533889029 } }
Express server started on port 9002
Express server started on port 9002
Express server started on port 9002
{ email: 'maheshgrt007@gmail.com',
  RegKey: 'APA91bG1C42m4U6BWIQ1c_dO0fc7OA6MBQ5aR455BygTfAcc5gcjWkBIxgY-MyfUHqDFTtNq4LsPJPJkcW0X5mElckurBFvwKmIfkzL6cVs1Z7ZW0RUzoyHpj8vdSKlFhEYYWfO7I3gRn4kEBRYPyHqUa0m07iCk6Q' }
maheshgrt007@gmail.com
{ cas: { '0': 2276459520, '1': 3784658661 } }
Child :undefined
dk
{ email: 'sagar.75@hotmail.com',
  RegKey: 'APA91bHh0J38XNrpepkoEC3WkYk9xWu4Se5OVYBve5fNB1ZgeSSmylosTjCW1mOyeN6m4JYjnikuusrFcp0PcMi9nESfrhJA2g8TpUe9XgHkRvHBR6NTVKJ20ECUnlv2IYPA0ab5upMv3CFc7eA9KOjwoymxGtjlTQ' }
sagar.75@hotmail.com
{ cas: { '0': 2326791168, '1': 1406357213 } }
Child :maheshgrt007@gmail.com
{"recieverEmail":"sagar.75@hotmail.com","message":"tedtttt"}
tedtttt
null
Result is Here.........{"multicast_id":8333295780781536000,"success":1,"failure":0,"canonical_ids":0,"results":[{"message_id":"0:1400074976000874%8f7b2b0df9fd7ecd"}]}
{"recieverEmail":"maheshgrt007@gmail.com"}
undefined
null
Result is Here.........{"multicast_id":7214170893420690000,"success":1,"failure":0,"canonical_ids":0,"results":[{"message_id":"0:1400074983494576%8f7b2b0df9fd7ecd"}]}
{"recieverEmail":"maheshgrt007@gmail.com","message":"hgyy"}
hgyy
null
Result is Here.........{"multicast_id":8605307994363636000,"success":1,"failure":0,"canonical_ids":0,"results":[{"message_id":"0:1400074988942114%8f7b2b0df9fd7ecd"}]}
{"recieverEmail":"maheshgrt007@gmail.com","message":"hgyy"}
hgyy
null
Result is Here.........{"multicast_id":4800390803969068000,"success":1,"failure":0,"canonical_ids":0,"results":[{"message_id":"0:1400074996534439%8f7b2b0df9fd7ecd"}]}
{"recieverEmail":"sagar.75@hotmail.com","message":"tedttttffff"}
tedttttffff
null
Result is Here.........{"multicast_id":5725636134810982000,"success":1,"failure":0,"canonical_ids":0,"results":[{"message_id":"0:1400075003609764%8f7b2b0df9fd7ecd"}]}
{"recieverEmail":"sagar.75@hotmail.com","message":"tedttttffff"}
tedttttffff
null
Result is Here.........{"multicast_id":6187240473583124000,"success":1,"failure":0,"canonical_ids":0,"results":[{"message_id":"0:1400075006155686%8f7b2b0df9fd7ecd"}]}
{"recieverEmail":"sagar.75@hotmail.com","message":"cvvfg"}
cvvfg
null
Result is Here.........{"multicast_id":8431301395124129000,"success":1,"failure":0,"canonical_ids":0,"results":[{"message_id":"0:1400075014355278%8f7b2b0df9fd7ecd"}]}
Express server started on port 9002
{ email: 'sagar.75@hotmail.com',
  RegKey: 'APA91bHh0J38XNrpepkoEC3WkYk9xWu4Se5OVYBve5fNB1ZgeSSmylosTjCW1mOyeN6m4JYjnikuusrFcp0PcMi9nESfrhJA2g8TpUe9XgHkRvHBR6NTVKJ20ECUnlv2IYPA0ab5upMv3CFc7eA9KOjwoymxGtjlTQ' }
sagar.75@hotmail.com
{ cas: { '0': 758514944, '1': 3754015469 } }
Child :maheshgrt007@gmail.com
{"recieverEmail":"maheshgrt007@gmail.com","message":"hello"}
hello
null
Result is Here.........{"multicast_id":8161255231444256000,"success":1,"failure":0,"canonical_ids":0,"results":[{"message_id":"0:1400221957156164%8f7b2b0df9fd7ecd"}]}
Express server started on port 9002
dk
null
Express server started on port 9002
{ email: 'maheshgrt007@gmail.com',
  RegKey: 'APA91bHh0J38XNrpepkoEC3WkYk9xWu4Se5OVYBve5fNB1ZgeSSmylosTjCW1mOyeN6m4JYjnikuusrFcp0PcMi9nESfrhJA2g8TpUe9XgHkRvHBR6NTVKJ20ECUnlv2IYPA0ab5upMv3CFc7eA9KOjwoymxGtjlTQ' }
maheshgrt007@gmail.com
{ cas: { '0': 114689280, '1': 2694124933 } }
{ email: 'maheshgrt007@gmail.com',
  RegKey: 'APA91bHh0J38XNrpepkoEC3WkYk9xWu4Se5OVYBve5fNB1ZgeSSmylosTjCW1mOyeN6m4JYjnikuusrFcp0PcMi9nESfrhJA2g8TpUe9XgHkRvHBR6NTVKJ20ECUnlv2IYPA0ab5upMv3CFc7eA9KOjwoymxGtjlTQ' }
maheshgrt007@gmail.com
{ cas: { '0': 131466496, '1': 3249510403 } }
Child :undefined
dk
Child :undefined
dk
{ email: 'maheshgrt007@gmail.com',
  RegKey: 'APA91bHh0J38XNrpepkoEC3WkYk9xWu4Se5OVYBve5fNB1ZgeSSmylosTjCW1mOyeN6m4JYjnikuusrFcp0PcMi9nESfrhJA2g8TpUe9XgHkRvHBR6NTVKJ20ECUnlv2IYPA0ab5upMv3CFc7eA9KOjwoymxGtjlTQ' }
maheshgrt007@gmail.com
{ cas: { '0': 198575360, '1': 1168362461 } }
Child :undefined
dk
Express server started on port 9002
{ email: 'maheshgrt007@gmail.com',
  RegKey: 'APA91bF27f2L2exSAs4i3TLYwRwIB4VTbutaARfz6AEnBV28Fdpo1fwh_5BTa_1daDODZ2sGC-9ohYCwo7iBoqgAW7-r8O6feYApVZKOjejYsDQBinU3So-SPUcryaWebKIxjL3bVHtdY3IR8eSF1COX4P47YqRhmA' }
maheshgrt007@gmail.com
Express server started on port 9002
{ email: 'k.b.nikam1@gmail.com',
  RegKey: 'APA91bGB45pGSGaW31gzTA_qqAbyB7mG875r3Ime6Vlt-5iPLdF3lCLWFGdv8N3wTT2rAH7mbXYXKIfyeKK-FWwlSPuCNLw6BM0lq6dVCrXSPwo6_Yed_IAl1rrtEZ5NuDJeyHwpKZtw_D0jx6WyrlhV0RaUbZvNow' }
k.b.nikam1@gmail.com
{ cas: { '0': 601556224, '1': 2508519470 } }
Child :
Express server started on port 9002
